<?xml version="1.0" encoding="UTF-8"?>
<coverage generated="1503901632">
  <project timestamp="1503901632">
    <package name="Jarrett">
      <file name="/Volumes/JB-SSD1/Dropbox/Sites/jarrett/rpssl/root/src/Exceptions/RockPaperScissorsSpockLizardException.php">
        <class name="RockPaperScissorsSpockLizardException" namespace="Jarrett" fullPackage="HughesApi" package="HughesApi">
          <metrics complexity="2" methods="2" coveredmethods="2" conditionals="0" coveredconditionals="0" statements="3" coveredstatements="3" elements="5" coveredelements="5"/>
        </class>
        <line num="12" type="method" name="__construct" visibility="public" complexity="1" crap="1" count="5"/>
        <line num="15" type="stmt" count="5"/>
        <line num="16" type="stmt" count="5"/>
        <line num="19" type="method" name="__toString" visibility="public" complexity="1" crap="1" count="1"/>
        <line num="21" type="stmt" count="1"/>
        <metrics loc="23" ncloc="13" classes="1" methods="2" coveredmethods="2" conditionals="0" coveredconditionals="0" statements="3" coveredstatements="3" elements="5" coveredelements="5"/>
      </file>
      <file name="/Volumes/JB-SSD1/Dropbox/Sites/jarrett/rpssl/root/src/RockPaperScissorsSpockLizard.php">
        <class name="RockPaperScissorsSpockLizard" namespace="Jarrett">
          <metrics complexity="12" methods="6" coveredmethods="6" conditionals="0" coveredconditionals="0" statements="23" coveredstatements="23" elements="29" coveredelements="29"/>
        </class>
        <line num="80" type="method" name="setRounds" visibility="public" complexity="4" crap="4" count="10"/>
        <line num="82" type="stmt" count="10"/>
        <line num="84" type="stmt" count="1"/>
        <line num="87" type="stmt" count="10"/>
        <line num="88" type="stmt" count="2"/>
        <line num="91" type="stmt" count="8"/>
        <line num="92" type="stmt" count="1"/>
        <line num="95" type="stmt" count="7"/>
        <line num="96" type="stmt" count="7"/>
        <line num="98" type="stmt" count="7"/>
        <line num="105" type="method" name="getRounds" visibility="public" complexity="1" crap="1" count="2"/>
        <line num="107" type="stmt" count="2"/>
        <line num="113" type="method" name="restart" visibility="public" complexity="1" crap="1" count="6"/>
        <line num="115" type="stmt" count="6"/>
        <line num="117" type="stmt" count="6"/>
        <line num="125" type="method" name="play" visibility="public" complexity="2" crap="2" count="4"/>
        <line num="127" type="stmt" count="4"/>
        <line num="128" type="stmt" count="1"/>
        <line num="131" type="stmt" count="3"/>
        <line num="132" type="stmt" count="3"/>
        <line num="145" type="method" name="__call" complexity="3" crap="3" count="2"/>
        <line num="147" type="stmt" count="2"/>
        <line num="148" type="stmt" count="1"/>
        <line num="151" type="stmt" count="1"/>
        <line num="152" type="stmt" count="1"/>
        <line num="153" type="stmt" count="1"/>
        <line num="155" type="stmt" count="1"/>
        <line num="161" type="method" name="getLastPlay" visibility="public" complexity="1" crap="1" count="3"/>
        <line num="163" type="stmt" count="3"/>
        <metrics loc="165" ncloc="108" classes="1" methods="6" coveredmethods="6" conditionals="0" coveredconditionals="0" statements="23" coveredstatements="23" elements="29" coveredelements="29"/>
      </file>
    </package>
    <metrics files="2" loc="188" ncloc="121" classes="2" methods="8" coveredmethods="8" conditionals="0" coveredconditionals="0" statements="26" coveredstatements="26" elements="34" coveredelements="34"/>
  </project>
</coverage>
