<?xml version="1.0" encoding="UTF-8"?>
<coverage generated="1503869613">
  <project timestamp="1503869613">
    <package name="Jarrett">
      <file name="/Users/jarrett/Sites/jarrett/rpssl/root/src/Exceptions/RockPaperScissorsSpockLizardException.php">
        <class name="RockPaperScissorsSpockLizardException" namespace="Jarrett" fullPackage="HughesApi" package="HughesApi">
          <metrics complexity="2" methods="2" coveredmethods="0" conditionals="0" coveredconditionals="0" statements="3" coveredstatements="0" elements="5" coveredelements="0"/>
        </class>
        <line num="12" type="method" name="__construct" visibility="public" complexity="1" crap="2" count="0"/>
        <line num="15" type="stmt" count="0"/>
        <line num="16" type="stmt" count="0"/>
        <line num="19" type="method" name="__toString" visibility="public" complexity="1" crap="2" count="0"/>
        <line num="21" type="stmt" count="0"/>
        <metrics loc="24" ncloc="14" classes="1" methods="2" coveredmethods="0" conditionals="0" coveredconditionals="0" statements="3" coveredstatements="0" elements="5" coveredelements="0"/>
      </file>
      <file name="/Users/jarrett/Sites/jarrett/rpssl/root/src/RockPaperScissorsSpockLizard.php">
        <class name="RockPaperScissorsSpockLizard" namespace="Jarrett" fullPackage="Jarrett" package="Jarrett">
          <metrics complexity="4" methods="3" coveredmethods="2" conditionals="0" coveredconditionals="0" statements="7" coveredstatements="6" elements="10" coveredelements="8"/>
        </class>
        <line num="61" type="method" name="setRounds" visibility="public" complexity="2" crap="2.06" count="2"/>
        <line num="63" type="stmt" count="2"/>
        <line num="65" type="stmt" count="0"/>
        <line num="68" type="stmt" count="2"/>
        <line num="70" type="stmt" count="2"/>
        <line num="77" type="method" name="getRounds" visibility="public" complexity="1" crap="1" count="2"/>
        <line num="79" type="stmt" count="2"/>
        <line num="85" type="method" name="restart" visibility="public" complexity="1" crap="1" count="1"/>
        <line num="86" type="stmt" count="1"/>
        <line num="88" type="stmt" count="1"/>
        <metrics loc="89" ncloc="67" classes="1" methods="3" coveredmethods="2" conditionals="0" coveredconditionals="0" statements="7" coveredstatements="6" elements="10" coveredelements="8"/>
      </file>
    </package>
    <metrics files="2" loc="113" ncloc="81" classes="2" methods="5" coveredmethods="2" conditionals="0" coveredconditionals="0" statements="10" coveredstatements="6" elements="15" coveredelements="8"/>
  </project>
</coverage>
